2018-12-06T20:37:32+00:00 CRITICAL Uncaught Error: Class 'XMLReader' not found in /var/www/html/contents/lib/one-click-demo-import/vendor/proteusthemes/contents-importer-v2/src/WXRImporter.php:123
Stack trace:
#0 /var/www/html/contents/lib/one-click-demo-import/vendor/proteusthemes/contents-importer-v2/src/WXRImporter.php(331): ProteusThemes\WPContentImporter2\WXRImporter->get_reader('/var/www/html/w...')
#1 /var/www/html/contents/lib/one-click-demo-import/inc/Importer.php(80): ProteusThemes\WPContentImporter2\WXRImporter->import('/var/www/html/w...')
#2 /var/www/html/contents/lib/one-click-demo-import/inc/Importer.php(137): OCDI\Importer->import('/var/www/html/w...')
#3 /var/www/html/contents/lib/one-click-demo-import/inc/OneClickDemoImport.php(294): OCDI\Importer->import_content('/var/www/html/w...')
#4 /var/www/html/inc/class-wp-hook.php(286): OCDI\OneClickDemoImport->import_demo_data_ajax_callback('')
#5 /var/www/html/inc/class-wp-hook.php(310): WP_Hook->apply_filters('', Array)
#6 /var/www in /var/www/html/contents/lib/one-click-demo-import/vendor/proteusthemes/contents-importer-v2/src/WXRImporter.php on line 123

2018-12-06T20:40:41+00:00 CRITICAL Uncaught Error: Class 'XMLReader' not found in /var/www/html/contents/lib/one-click-demo-import/vendor/proteusthemes/contents-importer-v2/src/WXRImporter.php:123
Stack trace:
#0 /var/www/html/contents/lib/one-click-demo-import/vendor/proteusthemes/contents-importer-v2/src/WXRImporter.php(331): ProteusThemes\WPContentImporter2\WXRImporter->get_reader('/var/www/html/w...')
#1 /var/www/html/contents/lib/one-click-demo-import/inc/Importer.php(80): ProteusThemes\WPContentImporter2\WXRImporter->import('/var/www/html/w...')
#2 /var/www/html/contents/lib/one-click-demo-import/inc/Importer.php(137): OCDI\Importer->import('/var/www/html/w...')
#3 /var/www/html/contents/lib/one-click-demo-import/inc/OneClickDemoImport.php(294): OCDI\Importer->import_content('/var/www/html/w...')
#4 /var/www/html/inc/class-wp-hook.php(286): OCDI\OneClickDemoImport->import_demo_data_ajax_callback('')
#5 /var/www/html/inc/class-wp-hook.php(310): WP_Hook->apply_filters('', Array)
#6 /var/www in /var/www/html/contents/lib/one-click-demo-import/vendor/proteusthemes/contents-importer-v2/src/WXRImporter.php on line 123

2018-12-06T20:50:45+00:00 CRITICAL Uncaught Error: Class 'XMLReader' not found in /var/www/html/contents/lib/one-click-demo-import/vendor/proteusthemes/contents-importer-v2/src/WXRImporter.php:123
Stack trace:
#0 /var/www/html/contents/lib/one-click-demo-import/vendor/proteusthemes/contents-importer-v2/src/WXRImporter.php(331): ProteusThemes\WPContentImporter2\WXRImporter->get_reader('/var/www/html/w...')
#1 /var/www/html/contents/lib/one-click-demo-import/inc/Importer.php(80): ProteusThemes\WPContentImporter2\WXRImporter->import('/var/www/html/w...')
#2 /var/www/html/contents/lib/one-click-demo-import/inc/Importer.php(137): OCDI\Importer->import('/var/www/html/w...')
#3 /var/www/html/contents/lib/one-click-demo-import/inc/OneClickDemoImport.php(294): OCDI\Importer->import_content('/var/www/html/w...')
#4 /var/www/html/inc/class-wp-hook.php(286): OCDI\OneClickDemoImport->import_demo_data_ajax_callback('')
#5 /var/www/html/inc/class-wp-hook.php(310): WP_Hook->apply_filters('', Array)
#6 /var/www in /var/www/html/contents/lib/one-click-demo-import/vendor/proteusthemes/contents-importer-v2/src/WXRImporter.php on line 123

2018-12-06T20:55:05+00:00 CRITICAL Uncaught Error: Class 'XMLReader' not found in /var/www/html/contents/lib/one-click-demo-import/vendor/proteusthemes/contents-importer-v2/src/WXRImporter.php:123
Stack trace:
#0 /var/www/html/contents/lib/one-click-demo-import/vendor/proteusthemes/contents-importer-v2/src/WXRImporter.php(331): ProteusThemes\WPContentImporter2\WXRImporter->get_reader('/var/www/html/w...')
#1 /var/www/html/contents/lib/one-click-demo-import/inc/Importer.php(80): ProteusThemes\WPContentImporter2\WXRImporter->import('/var/www/html/w...')
#2 /var/www/html/contents/lib/one-click-demo-import/inc/Importer.php(137): OCDI\Importer->import('/var/www/html/w...')
#3 /var/www/html/contents/lib/one-click-demo-import/inc/OneClickDemoImport.php(294): OCDI\Importer->import_content('/var/www/html/w...')
#4 /var/www/html/inc/class-wp-hook.php(286): OCDI\OneClickDemoImport->import_demo_data_ajax_callback('')
#5 /var/www/html/inc/class-wp-hook.php(310): WP_Hook->apply_filters('', Array)
#6 /var/www in /var/www/html/contents/lib/one-click-demo-import/vendor/proteusthemes/contents-importer-v2/src/WXRImporter.php on line 123

2018-12-06T23:38:43+00:00 CRITICAL Uncaught Error: Class 'XMLReader' not found in /var/www/html/contents/lib/one-click-demo-import/vendor/proteusthemes/contents-importer-v2/src/WXRImporter.php:123
Stack trace:
#0 /var/www/html/contents/lib/one-click-demo-import/vendor/proteusthemes/contents-importer-v2/src/WXRImporter.php(331): ProteusThemes\WPContentImporter2\WXRImporter->get_reader('/var/www/html/w...')
#1 /var/www/html/contents/lib/one-click-demo-import/inc/Importer.php(80): ProteusThemes\WPContentImporter2\WXRImporter->import('/var/www/html/w...')
#2 /var/www/html/contents/lib/one-click-demo-import/inc/Importer.php(137): OCDI\Importer->import('/var/www/html/w...')
#3 /var/www/html/contents/lib/one-click-demo-import/inc/OneClickDemoImport.php(294): OCDI\Importer->import_content('/var/www/html/w...')
#4 /var/www/html/inc/class-wp-hook.php(286): OCDI\OneClickDemoImport->import_demo_data_ajax_callback('')
#5 /var/www/html/inc/class-wp-hook.php(310): WP_Hook->apply_filters('', Array)
#6 /var/www in /var/www/html/contents/lib/one-click-demo-import/vendor/proteusthemes/contents-importer-v2/src/WXRImporter.php on line 123

